<?xml version="1.0" encoding="UTF-8"?>
<!-- Generated by org.testng.reporters.JUnitReportReporter -->
<testsuite hostname="DESKTOP-91QHVES" failures="0" tests="3" name="test.LoanTest" time="0.059" errors="0" timestamp="2022-09-13T22:39:11 IST" skipped="1">
  <testcase classname="test.LoanTest" name="PersonalLoanTest1" time="0.045"/>
  <system-out/>
  <testcase classname="test.LoanTest" name="HomeLoanTest" time="0.014"/>
  <system-out/>
  <testcase classname="test.LoanTest" name="PersonalLoanTest">
    <skipped/>
  </testcase> <!-- PersonalLoanTest -->
  <system-out/>
</testsuite> <!-- test.LoanTest -->
